Beginning trial 3 of 5
Clearing caches
Argument expected for the -c option
usage: python [option] ... [-c cmd | -m mod | file | -] [arg] ...
Try `python -h' for more information.
Launching on node oem-All-Series
+ pids+=($!)
+ set +x
++ eval echo
+++ echo
+ docker exec -e DGXSYSTEM=DGX1 -e 'MULTI_NODE= --master_port=4908' -e SLURM_JOB_ID=210623122322154864890 -e SLURM_NTASKS_PER_NODE= cont_210623122322154864890 ./run_and_time.sh
Run vars: id 210623122322154864890 gpus 4 mparams  --master_port=4908
+ NUMEPOCHS=70
+ LR=2.5e-3
STARTING TIMING RUN AT 2021-06-23 09:52:21 PM
running benchmark
+ echo 'running benchmark'
+ export DATASET_DIR=/data/coco2017
+ DATASET_DIR=/data/coco2017
+ export TORCH_MODEL_ZOO=/data/torchvision
+ TORCH_MODEL_ZOO=/data/torchvision
+ python -m bind_launch --nsockets_per_node 1 --ncores_per_socket 6 --nproc_per_node 4 --master_port=4908 train.py --epochs 70 --warmup-factor 0 --lr 2.5e-3 --no-save --threshold=0.23 --data /data/coco2017 --batch-size 32 --pretrained-backbone resnet34-333f7ec4.pth
:::MLLOG {"namespace": "", "time_ms": 1624499543512, "event_type": "INTERVAL_START", "key": "init_start", "value": null, "metadata": {"file": "train.py", "lineno": 409}}
:::MLLOG {"namespace": "", "time_ms": 1624499543512, "event_type": "INTERVAL_START", "key": "init_start", "value": null, "metadata": {"file": "train.py", "lineno": 409}}
:::MLLOG {"namespace": "", "time_ms": 1624499543559, "event_type": "INTERVAL_END", "key": "init_stop", "value": null, "metadata": {"file": "train.py", "lineno": 419}}
:::MLLOG {"namespace": "", "time_ms": 1624499543559, "event_type": "INTERVAL_START", "key": "run_start", "value": null, "metadata": {"file": "train.py", "lineno": 420}}
:::MLLOG {"namespace": "", "time_ms": 1624499543559, "event_type": "INTERVAL_END", "key": "init_stop", "value": null, "metadata": {"file": "train.py", "lineno": 419}}
:::MLLOG {"namespace": "", "time_ms": 1624499543560, "event_type": "INTERVAL_START", "key": "run_start", "value": null, "metadata": {"file": "train.py", "lineno": 420}}
:::MLLOG {"namespace": "", "time_ms": 1624499543567, "event_type": "INTERVAL_START", "key": "init_start", "value": null, "metadata": {"file": "train.py", "lineno": 409}}
:::MLLOG {"namespace": "", "time_ms": 1624499543616, "event_type": "INTERVAL_END", "key": "init_stop", "value": null, "metadata": {"file": "train.py", "lineno": 419}}
:::MLLOG {"namespace": "", "time_ms": 1624499543616, "event_type": "INTERVAL_START", "key": "run_start", "value": null, "metadata": {"file": "train.py", "lineno": 420}}
:::MLLOG {"namespace": "", "time_ms": 1624499543575, "event_type": "INTERVAL_START", "key": "init_start", "value": null, "metadata": {"file": "train.py", "lineno": 409}}
:::MLLOG {"namespace": "", "time_ms": 1624499543623, "event_type": "INTERVAL_END", "key": "init_stop", "value": null, "metadata": {"file": "train.py", "lineno": 419}}
:::MLLOG {"namespace": "", "time_ms": 1624499543623, "event_type": "INTERVAL_START", "key": "run_start", "value": null, "metadata": {"file": "train.py", "lineno": 420}}
Warning:  apex was installed without --cpp_ext.  Falling back to Python flatten and unflatten.
Warning:  apex was installed without --cpp_ext.  Falling back to Python flatten and unflatten.
Warning:  apex was installed without --cuda_ext. Fused syncbn kernels will be unavailable.  Python fallbacks will be used instead.
Warning:  apex was installed without --cuda_ext. Fused syncbn kernels will be unavailable.  Python fallbacks will be used instead.
Warning:  apex was installed without --cpp_ext.  Falling back to Python flatten and unflatten.
Warning:  apex was installed without --cuda_ext. Fused syncbn kernels will be unavailable.  Python fallbacks will be used instead.
Warning:  apex was installed without --cpp_ext.  Falling back to Python flatten and unflatten.
Warning:  apex was installed without --cuda_ext. Fused syncbn kernels will be unavailable.  Python fallbacks will be used instead.
Warning:  apex was installed without --cuda_ext.  FusedAdam will be unavailable.
Warning:  apex was installed without --cuda_ext.  FusedAdam will be unavailable.
Warning:  apex was installed without --cuda_ext.  FusedAdam will be unavailable.
Warning:  apex was installed without --cuda_ext.  FusedAdam will be unavailable.
Warning:  apex was installed without --cuda_ext.  FusedLayerNorm will be unavailable.
Warning:  apex was installed without --cuda_ext.  FusedLayerNorm will be unavailable.Warning:  apex was installed without --cuda_ext.  FusedLayerNorm will be unavailable.

Warning:  apex was installed without --cuda_ext.  FusedLayerNorm will be unavailable.
:::MLLOG {"namespace": "", "time_ms": 1624499547326, "event_type": "POINT_IN_TIME", "key": "seed", "value": 1110119416, "metadata": {"file": "train.py", "lineno": 214}}
args.rank = 0
local rank = 0
distributed=True
:::MLLOG {"namespace": "", "time_ms": 1624499547327, "event_type": "POINT_IN_TIME", "key": "seed", "value": 1110119419, "metadata": {"file": "train.py", "lineno": 214}}
:::MLLOG {"namespace": "", "time_ms": 1624499547327, "event_type": "POINT_IN_TIME", "key": "seed", "value": 1110119417, "metadata": {"file": "train.py", "lineno": 214}}
:::MLLOG {"namespace": "", "time_ms": 1624499547327, "event_type": "POINT_IN_TIME", "key": "seed", "value": 1110119418, "metadata": {"file": "train.py", "lineno": 214}}
args.rank = 3
local rank = 3
distributed=True
args.rank = 1
local rank = 1
distributed=True
args.rank = 2
local rank = 2
distributed=True
loading annotations into memory...
loading annotations into memory...
loading annotations into memory...
:::MLLOG {"namespace": "", "time_ms": 1624499547343, "event_type": "POINT_IN_TIME", "key": "max_samples", "value": 1, "metadata": {"file": "utils.py", "lineno": 308}}
:::MLLOG {"namespace": "", "time_ms": 1624499547343, "event_type": "POINT_IN_TIME", "key": "max_samples", "value": 1, "metadata": {"file": "utils.py", "lineno": 308}}
loading annotations into memory...
Done (t=0.48s)
creating index...
Done (t=0.49s)
creating index...
index created!
index created!
Done (t=0.85s)
creating index...
Done (t=0.85s)
creating index...
index created!
index created!
:::MLLOG {"namespace": "", "time_ms": 1624499564949, "event_type": "POINT_IN_TIME", "key": "train_samples", "value": 117266, "metadata": {"file": "train.py", "lineno": 239}}
:::MLLOG {"namespace": "", "time_ms": 1624499564949, "event_type": "POINT_IN_TIME", "key": "eval_samples", "value": 4952, "metadata": {"file": "train.py", "lineno": 240}}
:::MLLOG {"namespace": "", "time_ms": 1624499565012, "event_type": "POINT_IN_TIME", "key": "train_samples", "value": 117266, "metadata": {"file": "train.py", "lineno": 239}}
:::MLLOG {"namespace": "", "time_ms": 1624499565013, "event_type": "POINT_IN_TIME", "key": "eval_samples", "value": 4952, "metadata": {"file": "train.py", "lineno": 240}}
/opt/conda/lib/python3.7/site-packages/torch/nn/_reduction.py:44: UserWarning: size_average and reduce args will be deprecated, please use reduction='none' instead.
  warnings.warn(warning.format(ret))
/opt/conda/lib/python3.7/site-packages/torch/nn/_reduction.py:44: UserWarning: size_average and reduce args will be deprecated, please use reduction='none' instead.
  warnings.warn(warning.format(ret))
:::MLLOG {"namespace": "", "time_ms": 1624499565808, "event_type": "POINT_IN_TIME", "key": "global_batch_size", "value": 128, "metadata": {"file": "train.py", "lineno": 282}}
:::MLLOG {"namespace": "", "time_ms": 1624499565809, "event_type": "POINT_IN_TIME", "key": "model_bn_span", "value": 32, "metadata": {"file": "train.py", "lineno": 284}}
:::MLLOG {"namespace": "", "time_ms": 1624499565809, "event_type": "POINT_IN_TIME", "key": "global_batch_size", "value": 128, "metadata": {"file": "train.py", "lineno": 282}}
:::MLLOG {"namespace": "", "time_ms": 1624499565810, "event_type": "POINT_IN_TIME", "key": "model_bn_span", "value": 32, "metadata": {"file": "train.py", "lineno": 284}}
:::MLLOG {"namespace": "", "time_ms": 1624499567933, "event_type": "POINT_IN_TIME", "key": "train_samples", "value": 117266, "metadata": {"file": "train.py", "lineno": 239}}
:::MLLOG {"namespace": "", "time_ms": 1624499567933, "event_type": "POINT_IN_TIME", "key": "eval_samples", "value": 4952, "metadata": {"file": "train.py", "lineno": 240}}
:::MLLOG {"namespace": "", "time_ms": 1624499568017, "event_type": "POINT_IN_TIME", "key": "train_samples", "value": 117266, "metadata": {"file": "train.py", "lineno": 239}}
:::MLLOG {"namespace": "", "time_ms": 1624499568018, "event_type": "POINT_IN_TIME", "key": "eval_samples", "value": 4952, "metadata": {"file": "train.py", "lineno": 240}}
/opt/conda/lib/python3.7/site-packages/torch/nn/_reduction.py:44: UserWarning: size_average and reduce args will be deprecated, please use reduction='none' instead.
  warnings.warn(warning.format(ret))
:::MLLOG {"namespace": "", "time_ms": 1624499568570, "event_type": "POINT_IN_TIME", "key": "global_batch_size", "value": 128, "metadata": {"file": "train.py", "lineno": 282}}
:::MLLOG {"namespace": "", "time_ms": 1624499568570, "event_type": "POINT_IN_TIME", "key": "model_bn_span", "value": 32, "metadata": {"file": "train.py", "lineno": 284}}
/opt/conda/lib/python3.7/site-packages/torch/nn/_reduction.py:44: UserWarning: size_average and reduce args will be deprecated, please use reduction='none' instead.
  warnings.warn(warning.format(ret))
:::MLLOG {"namespace": "", "time_ms": 1624499568605, "event_type": "POINT_IN_TIME", "key": "global_batch_size", "value": 128, "metadata": {"file": "train.py", "lineno": 282}}
:::MLLOG {"namespace": "", "time_ms": 1624499568605, "event_type": "POINT_IN_TIME", "key": "model_bn_span", "value": 32, "metadata": {"file": "train.py", "lineno": 284}}
:::MLLOG {"namespace": "", "time_ms": 1624499568615, "event_type": "POINT_IN_TIME", "key": "opt_base_learning_rate", "value": 0.01, "metadata": {"file": "train.py", "lineno": 296}}
:::MLLOG {"namespace": "", "time_ms": 1624499568615, "event_type": "POINT_IN_TIME", "key": "opt_weight_decay", "value": 0.0005, "metadata": {"file": "train.py", "lineno": 297}}
:::MLLOG {"namespace": "", "time_ms": 1624499568616, "event_type": "POINT_IN_TIME", "key": "opt_learning_rate_warmup_factor", "value": 0, "metadata": {"file": "train.py", "lineno": 315}}
:::MLLOG {"namespace": "", "time_ms": 1624499568616, "event_type": "POINT_IN_TIME", "key": "opt_learning_rate_decay_boundary_epochs", "value": [40, 50], "metadata": {"file": "train.py", "lineno": 316}}
:::MLLOG {"namespace": "", "time_ms": 1624499568616, "event_type": "INTERVAL_START", "key": "block_start", "value": null, "metadata": {"file": "train.py", "lineno": 320, "first_epoch_num": 1, "epoch_count": 70}}
:::MLLOG {"namespace": "", "time_ms": 1624499568616, "event_type": "INTERVAL_START", "key": "block_start", "value": null, "metadata": {"file": "train.py", "lineno": 320, "first_epoch_num": 1, "epoch_count": 70}}
:::MLLOG {"namespace": "", "time_ms": 1624499568616, "event_type": "INTERVAL_START", "key": "block_start", "value": null, "metadata": {"file": "train.py", "lineno": 320, "first_epoch_num": 1, "epoch_count": 70}}
:::MLLOG {"namespace": "", "time_ms": 1624499568616, "event_type": "INTERVAL_START", "key": "block_start", "value": null, "metadata": {"file": "train.py", "lineno": 320, "first_epoch_num": 1, "epoch_count": 70}}
:::MLLOG {"namespace": "", "time_ms": 1624499568616, "event_type": "INTERVAL_START", "key": "epoch_start", "value": null, "metadata": {"file": "train.py", "lineno": 326, "epoch_num": 0}}
:::MLLOG {"namespace": "", "time_ms": 1624499568616, "event_type": "INTERVAL_START", "key": "epoch_start", "value": null, "metadata": {"file": "train.py", "lineno": 326, "epoch_num": 0}}
:::MLLOG {"namespace": "", "time_ms": 1624499568616, "event_type": "INTERVAL_START", "key": "epoch_start", "value": null, "metadata": {"file": "train.py", "lineno": 326, "epoch_num": 0}}
:::MLLOG {"namespace": "", "time_ms": 1624499568616, "event_type": "INTERVAL_START", "key": "epoch_start", "value": null, "metadata": {"file": "train.py", "lineno": 326, "epoch_num": 0}}
Iteration:      0, Loss function: 22.065, Average Loss: 0.022
Iteration:    100, Loss function: 8.953, Average Loss: 1.189
Iteration:    200, Loss function: 8.050, Average Loss: 1.897
Iteration:    300, Loss function: 8.007, Average Loss: 2.493
Iteration:    400, Loss function: 7.176, Average Loss: 2.993
Iteration:    500, Loss function: 7.550, Average Loss: 3.427
Iteration:    600, Loss function: 7.076, Average Loss: 3.792
Iteration:    700, Loss function: 7.299, Average Loss: 4.108
Iteration:    800, Loss function: 6.924, Average Loss: 4.374
Iteration:    900, Loss function: 6.478, Average Loss: 4.611
:::MLLOG {"namespace": "", "time_ms": 1624500162332, "event_type": "INTERVAL_START", "key": "epoch_start", "value": null, "metadata": {"file": "train.py", "lineno": 326, "epoch_num": 1}}
:::MLLOG {"namespace": "", "time_ms": 1624500162332, "event_type": "INTERVAL_START", "key": "epoch_start", "value": null, "metadata": {"file": "train.py", "lineno": 326, "epoch_num": 1}}
:::MLLOG {"namespace": "", "time_ms": 1624500162335, "event_type": "INTERVAL_START", "key": "epoch_start", "value": null, "metadata": {"file": "train.py", "lineno": 326, "epoch_num": 1}}
:::MLLOG {"namespace": "", "time_ms": 1624500162346, "event_type": "INTERVAL_START", "key": "epoch_start", "value": null, "metadata": {"file": "train.py", "lineno": 326, "epoch_num": 1}}
Iteration:   1000, Loss function: 6.427, Average Loss: 4.805
Iteration:   1100, Loss function: 6.459, Average Loss: 4.970
Iteration:   1200, Loss function: 6.360, Average Loss: 5.107
Iteration:   1300, Loss function: 6.541, Average Loss: 5.218
Iteration:   1400, Loss function: 5.921, Average Loss: 5.311
Iteration:   1500, Loss function: 5.800, Average Loss: 5.387
Iteration:   1600, Loss function: 5.756, Average Loss: 5.448
Iteration:   1700, Loss function: 6.362, Average Loss: 5.494
Iteration:   1800, Loss function: 6.100, Average Loss: 5.532
:::MLLOG {"namespace": "", "time_ms": 1624500759549, "event_type": "INTERVAL_START", "key": "epoch_start", "value": null, "metadata": {"file": "train.py", "lineno": 326, "epoch_num": 2}}
:::MLLOG {"namespace": "", "time_ms": 1624500759556, "event_type": "INTERVAL_START", "key": "epoch_start", "value": null, "metadata": {"file": "train.py", "lineno": 326, "epoch_num": 2}}
:::MLLOG {"namespace": "", "time_ms": 1624500759558, "event_type": "INTERVAL_START", "key": "epoch_start", "value": null, "metadata": {"file": "train.py", "lineno": 326, "epoch_num": 2}}
:::MLLOG {"namespace": "", "time_ms": 1624500759568, "event_type": "INTERVAL_START", "key": "epoch_start", "value": null, "metadata": {"file": "train.py", "lineno": 326, "epoch_num": 2}}
Iteration:   1900, Loss function: 5.455, Average Loss: 5.556
Iteration:   2000, Loss function: 5.461, Average Loss: 5.569
Iteration:   2100, Loss function: 5.149, Average Loss: 5.583
Iteration:   2200, Loss function: 5.290, Average Loss: 5.592
